<?xml version="1.0" encoding="UTF-8"?>
<testng-results ignored="2" total="3" passed="1" failed="0" skipped="0">
  <reporter-output>
  </reporter-output>
  <suite started-at="2025-03-19T10:19:14 IST" name="Default suite" finished-at="2025-03-19T10:19:18 IST" duration-ms="3167">
    <groups>
    </groups>
    <test started-at="2025-03-19T10:19:14 IST" name="Default test" finished-at="2025-03-19T10:19:18 IST" duration-ms="3167">
      <class name="org.Online_Shopping_Application.Books.UserSessionValidationTest">
        <test-method is-config="true" signature="configBS()[pri:0, instance:org.Online_Shopping_Application.Books.UserSessionValidationTest@6771beb3]" started-at="2025-03-19T10:19:14 IST" name="configBS" finished-at="2025-03-19T10:19:14 IST" duration-ms="259" status="PASS">
          <reporter-output>
          </reporter-output>
        </test-method> <!-- configBS -->
        <test-method is-config="true" signature="configBC()[pri:0, instance:org.Online_Shopping_Application.Books.UserSessionValidationTest@6771beb3]" started-at="2025-03-19T10:19:14 IST" name="configBC" finished-at="2025-03-19T10:19:16 IST" duration-ms="1665" status="PASS">
          <reporter-output>
          </reporter-output>
        </test-method> <!-- configBC -->
        <test-method is-config="true" signature="configBM()[pri:0, instance:org.Online_Shopping_Application.Books.UserSessionValidationTest@6771beb3]" started-at="2025-03-19T10:19:16 IST" name="configBM" finished-at="2025-03-19T10:19:17 IST" duration-ms="503" status="PASS">
          <reporter-output>
          </reporter-output>
        </test-method> <!-- configBM -->
        <test-method signature="UserProfileUpdateTest()[pri:0, instance:org.Online_Shopping_Application.Books.UserSessionValidationTest@6771beb3]" started-at="2025-03-19T10:19:17 IST" name="UserProfileUpdateTest" finished-at="2025-03-19T10:19:17 IST" duration-ms="843" status="PASS">
          <reporter-output>
          </reporter-output>
        </test-method> <!-- UserProfileUpdateTest -->
        <test-method is-config="true" signature="configAC()[pri:0, instance:org.Online_Shopping_Application.Books.UserSessionValidationTest@6771beb3]" started-at="2025-03-19T10:19:17 IST" name="configAC" finished-at="2025-03-19T10:19:18 IST" duration-ms="126" status="PASS">
          <reporter-output>
          </reporter-output>
        </test-method> <!-- configAC -->
        <test-method is-config="true" signature="configAS()[pri:0, instance:org.Online_Shopping_Application.Books.UserSessionValidationTest@6771beb3]" started-at="2025-03-19T10:19:18 IST" name="configAS" finished-at="2025-03-19T10:19:18 IST" duration-ms="6" status="PASS">
          <reporter-output>
          </reporter-output>
        </test-method> <!-- configAS -->
      </class> <!-- org.Online_Shopping_Application.Books.UserSessionValidationTest -->
    </test> <!-- Default test -->
  </suite> <!-- Default suite -->
</testng-results>
