<?xml version="1.0" encoding="UTF-8"?>
<!-- Generated by org.testng.reporters.JUnitXMLReporter -->
<testsuite ignored="2" hostname="DESKTOP-2V6V6GU" failures="0" tests="1" name="Default test" time="3.167" errors="0" timestamp="2025-03-19T10:19:18 IST">
  <testcase classname="org.Online_Shopping_Application.Books.UserSessionValidationTest" name="UserProfileUpdateTest" time="0.843"/>
  <testcase classname="org.Online_Shopping_Application.Books.UserSessionValidationTest" name="ProfileUpdateReflectionTest" time="0.0">
    <ignored/>
  </testcase> <!-- ProfileUpdateReflectionTest -->
  <testcase classname="org.Online_Shopping_Application.Books.UserSessionValidationTest" name="CartCheckoutValidationTest" time="0.0">
    <ignored/>
  </testcase> <!-- CartCheckoutValidationTest -->
</testsuite> <!-- Default test -->
