<?xml version="1.0" encoding="UTF-8"?>
<!-- Generated by org.testng.reporters.JUnitXMLReporter -->
<testsuite ignored="2" hostname="DESKTOP-2V6V6GU" failures="0" tests="1" name="Default test" time="12.088" errors="0" timestamp="2025-03-17T15:04:11 IST">
  <testcase classname="org.Online_Shopping_Application.Books.AddToCartTest" name="prodCompareFromProdDisplayPage" time="4.315"/>
  <testcase classname="org.Online_Shopping_Application.Books.AddToCartTest" name="loginUsingInvalidCred" time="0.0">
    <ignored/>
  </testcase> <!-- loginUsingInvalidCred -->
  <testcase classname="org.Online_Shopping_Application.Books.AddToCartTest" name="addToCartTest" time="0.0">
    <ignored/>
  </testcase> <!-- addToCartTest -->
</testsuite> <!-- Default test -->
