<?xml version="1.0" encoding="UTF-8"?>
<!-- Generated by org.testng.reporters.JUnitXMLReporter -->
<testsuite ignored="0" hostname="DESKTOP-2V6V6GU" failures="0" tests="2" name="Default test" time="12.575" errors="0" timestamp="2025-03-18T13:16:50 IST">
  <testcase classname="org.Online_Shopping_Application.Books.AddToCartTest" name="addToCartTest" time="2.419"/>
  <testcase classname="org.Online_Shopping_Application.Books.AddToCartTest" name="prodCompareFromProdDisplayPageTest" time="2.858"/>
</testsuite> <!-- Default test -->
