<?xml version="1.0" encoding="UTF-8"?>
<!-- Generated by org.testng.reporters.JUnitXMLReporter -->
<testsuite ignored="0" hostname="DESKTOP-2V6V6GU" failures="0" tests="2" name="Test2" time="8.268" errors="0" timestamp="2025-04-03T17:32:47 IST">
  <testcase classname="ecommerce.mecys.automation.smoketest.EcommerceSmokeTest" name="verifyHomepageLoadTest" time="0.769"/>
  <testcase classname="ecommerce.mecys.automation.smoketest.EcommerceSmokeTest" name="verifyLoginFunctionalityTest" time="0.045"/>
</testsuite> <!-- Test2 -->
