<?xml version="1.0" encoding="UTF-8"?>
<testng-results ignored="2" total="6" passed="4" failed="0" skipped="0">
  <reporter-output>
  </reporter-output>
  <suite started-at="2025-03-18T15:21:37 IST" name="Suite" finished-at="2025-03-18T15:22:07 IST" duration-ms="29919">
    <groups>
      <group name="ST">
        <method signature="AddToCartTest.prodCompareFromProdDisplayPageTest()[pri:0, instance:org.Online_Shopping_Application.Books.AddToCartTest@5e0e82ae]" name="prodCompareFromProdDisplayPageTest" class="org.Online_Shopping_Application.Books.AddToCartTest"/>
        <method signature="AddToCartTest2.prodCompareFromProdDisplayPageTest()[pri:0, instance:org.Online_Shopping_Application.Books.AddToCartTest2@3754a4bf]" name="prodCompareFromProdDisplayPageTest" class="org.Online_Shopping_Application.Books.AddToCartTest2"/>
      </group> <!-- ST -->
      <group name="smokeTest">
        <method signature="AddToCartTest.addToCartTest()[pri:0, instance:org.Online_Shopping_Application.Books.AddToCartTest@5e0e82ae]" name="addToCartTest" class="org.Online_Shopping_Application.Books.AddToCartTest"/>
        <method signature="AddToCartTest2.addToCartTest()[pri:0, instance:org.Online_Shopping_Application.Books.AddToCartTest2@3754a4bf]" name="addToCartTest" class="org.Online_Shopping_Application.Books.AddToCartTest2"/>
      </group> <!-- smokeTest -->
    </groups>
    <test started-at="2025-03-18T15:21:37 IST" name="Test" finished-at="2025-03-18T15:22:07 IST" duration-ms="29919">
      <class name="org.Online_Shopping_Application.Books.AddToCartTest">
        <test-method is-config="true" signature="configBS()[pri:0, instance:org.Online_Shopping_Application.Books.AddToCartTest@5e0e82ae]" started-at="2025-03-18T15:21:37 IST" name="configBS" finished-at="2025-03-18T15:21:37 IST" duration-ms="275" status="PASS">
          <reporter-output>
          </reporter-output>
        </test-method> <!-- configBS -->
        <test-method is-config="true" signature="configBC()[pri:0, instance:org.Online_Shopping_Application.Books.AddToCartTest@5e0e82ae]" started-at="2025-03-18T15:21:37 IST" name="configBC" finished-at="2025-03-18T15:21:41 IST" duration-ms="3641" status="PASS">
          <reporter-output>
          </reporter-output>
        </test-method> <!-- configBC -->
        <test-method is-config="true" signature="configBM()[pri:0, instance:org.Online_Shopping_Application.Books.AddToCartTest@5e0e82ae]" started-at="2025-03-18T15:21:41 IST" name="configBM" finished-at="2025-03-18T15:21:43 IST" duration-ms="2578" status="PASS">
          <reporter-output>
          </reporter-output>
        </test-method> <!-- configBM -->
        <test-method signature="addToCartTest()[pri:0, instance:org.Online_Shopping_Application.Books.AddToCartTest@5e0e82ae]" started-at="2025-03-18T15:21:43 IST" name="addToCartTest" finished-at="2025-03-18T15:21:46 IST" duration-ms="3178" status="PASS">
          <reporter-output>
          </reporter-output>
        </test-method> <!-- addToCartTest -->
        <test-method is-config="true" signature="configAM()[pri:0, instance:org.Online_Shopping_Application.Books.AddToCartTest@5e0e82ae]" started-at="2025-03-18T15:21:46 IST" name="configAM" finished-at="2025-03-18T15:21:47 IST" duration-ms="789" status="PASS">
          <reporter-output>
          </reporter-output>
        </test-method> <!-- configAM -->
        <test-method is-config="true" signature="configBM()[pri:0, instance:org.Online_Shopping_Application.Books.AddToCartTest@5e0e82ae]" started-at="2025-03-18T15:21:47 IST" name="configBM" finished-at="2025-03-18T15:21:49 IST" duration-ms="2122" status="PASS">
          <reporter-output>
          </reporter-output>
        </test-method> <!-- configBM -->
        <test-method signature="prodCompareFromProdDisplayPageTest()[pri:0, instance:org.Online_Shopping_Application.Books.AddToCartTest@5e0e82ae]" started-at="2025-03-18T15:21:49 IST" name="prodCompareFromProdDisplayPageTest" finished-at="2025-03-18T15:21:53 IST" duration-ms="3396" status="PASS">
          <reporter-output>
          </reporter-output>
        </test-method> <!-- prodCompareFromProdDisplayPageTest -->
        <test-method is-config="true" signature="configAM()[pri:0, instance:org.Online_Shopping_Application.Books.AddToCartTest@5e0e82ae]" started-at="2025-03-18T15:21:53 IST" name="configAM" finished-at="2025-03-18T15:21:54 IST" duration-ms="945" status="PASS">
          <reporter-output>
          </reporter-output>
        </test-method> <!-- configAM -->
        <test-method is-config="true" signature="configAC()[pri:0, instance:org.Online_Shopping_Application.Books.AddToCartTest@5e0e82ae]" started-at="2025-03-18T15:21:54 IST" name="configAC" finished-at="2025-03-18T15:21:54 IST" duration-ms="206" status="PASS">
          <reporter-output>
          </reporter-output>
        </test-method> <!-- configAC -->
        <test-method is-config="true" signature="configAS()[pri:0, instance:org.Online_Shopping_Application.Books.AddToCartTest@5e0e82ae]" started-at="2025-03-18T15:22:07 IST" name="configAS" finished-at="2025-03-18T15:22:07 IST" duration-ms="63" status="PASS">
          <reporter-output>
          </reporter-output>
        </test-method> <!-- configAS -->
      </class> <!-- org.Online_Shopping_Application.Books.AddToCartTest -->
      <class name="org.Online_Shopping_Application.Books.AddToCartTest2">
        <test-method is-config="true" signature="configBC()[pri:0, instance:org.Online_Shopping_Application.Books.AddToCartTest2@3754a4bf]" started-at="2025-03-18T15:21:54 IST" name="configBC" finished-at="2025-03-18T15:21:57 IST" duration-ms="2821" status="PASS">
          <reporter-output>
          </reporter-output>
        </test-method> <!-- configBC -->
        <test-method is-config="true" signature="configBM()[pri:0, instance:org.Online_Shopping_Application.Books.AddToCartTest2@3754a4bf]" started-at="2025-03-18T15:21:57 IST" name="configBM" finished-at="2025-03-18T15:21:59 IST" duration-ms="2045" status="PASS">
          <reporter-output>
          </reporter-output>
        </test-method> <!-- configBM -->
        <test-method signature="addToCartTest()[pri:0, instance:org.Online_Shopping_Application.Books.AddToCartTest2@3754a4bf]" started-at="2025-03-18T15:21:59 IST" name="addToCartTest" finished-at="2025-03-18T15:22:01 IST" duration-ms="2117" status="PASS">
          <reporter-output>
          </reporter-output>
        </test-method> <!-- addToCartTest -->
        <test-method is-config="true" signature="configAM()[pri:0, instance:org.Online_Shopping_Application.Books.AddToCartTest2@3754a4bf]" started-at="2025-03-18T15:22:01 IST" name="configAM" finished-at="2025-03-18T15:22:01 IST" duration-ms="638" status="PASS">
          <reporter-output>
          </reporter-output>
        </test-method> <!-- configAM -->
        <test-method is-config="true" signature="configBM()[pri:0, instance:org.Online_Shopping_Application.Books.AddToCartTest2@3754a4bf]" started-at="2025-03-18T15:22:01 IST" name="configBM" finished-at="2025-03-18T15:22:03 IST" duration-ms="1709" status="PASS">
          <reporter-output>
          </reporter-output>
        </test-method> <!-- configBM -->
        <test-method signature="prodCompareFromProdDisplayPageTest()[pri:0, instance:org.Online_Shopping_Application.Books.AddToCartTest2@3754a4bf]" started-at="2025-03-18T15:22:03 IST" name="prodCompareFromProdDisplayPageTest" finished-at="2025-03-18T15:22:06 IST" duration-ms="2720" status="PASS">
          <reporter-output>
          </reporter-output>
        </test-method> <!-- prodCompareFromProdDisplayPageTest -->
        <test-method is-config="true" signature="configAM()[pri:0, instance:org.Online_Shopping_Application.Books.AddToCartTest2@3754a4bf]" started-at="2025-03-18T15:22:06 IST" name="configAM" finished-at="2025-03-18T15:22:07 IST" duration-ms="775" status="PASS">
          <reporter-output>
          </reporter-output>
        </test-method> <!-- configAM -->
        <test-method is-config="true" signature="configAC()[pri:0, instance:org.Online_Shopping_Application.Books.AddToCartTest2@3754a4bf]" started-at="2025-03-18T15:22:07 IST" name="configAC" finished-at="2025-03-18T15:22:07 IST" duration-ms="198" status="PASS">
          <reporter-output>
          </reporter-output>
        </test-method> <!-- configAC -->
      </class> <!-- org.Online_Shopping_Application.Books.AddToCartTest2 -->
    </test> <!-- Test -->
  </suite> <!-- Suite -->
</testng-results>
