<?xml version="1.0" encoding="UTF-8"?>
<testng-results ignored="1" total="2" passed="1" failed="0" skipped="0">
  <reporter-output>
  </reporter-output>
  <suite started-at="2025-04-01T13:04:42 IST" name="Default suite" finished-at="2025-04-01T13:04:51 IST" duration-ms="8656">
    <groups>
      <group name="smokeTest">
        <method signature="AddToCartTest.addToCartTest()[pri:0, instance:org.Online_Shopping_Application.Books.AddToCartTest@6b2ea799]" name="addToCartTest" class="org.Online_Shopping_Application.Books.AddToCartTest"/>
      </group> <!-- smokeTest -->
    </groups>
    <test started-at="2025-04-01T13:04:42 IST" name="Default test" finished-at="2025-04-01T13:04:51 IST" duration-ms="8656">
      <class name="org.Online_Shopping_Application.Books.AddToCartTest">
        <test-method is-config="true" signature="configBS()[pri:0, instance:org.Online_Shopping_Application.Books.AddToCartTest@6b2ea799]" started-at="2025-04-01T13:04:42 IST" name="configBS" finished-at="2025-04-01T13:04:42 IST" duration-ms="218" status="PASS">
          <reporter-output>
          </reporter-output>
        </test-method> <!-- configBS -->
        <test-method is-config="true" signature="configBC()[pri:0, instance:org.Online_Shopping_Application.Books.AddToCartTest@6b2ea799]" started-at="2025-04-01T13:04:42 IST" name="configBC" finished-at="2025-04-01T13:04:46 IST" duration-ms="3731" status="PASS">
          <reporter-output>
          </reporter-output>
        </test-method> <!-- configBC -->
        <test-method is-config="true" signature="configBM()[pri:0, instance:org.Online_Shopping_Application.Books.AddToCartTest@6b2ea799]" started-at="2025-04-01T13:04:46 IST" name="configBM" finished-at="2025-04-01T13:04:48 IST" duration-ms="1870" status="PASS">
          <reporter-output>
          </reporter-output>
        </test-method> <!-- configBM -->
        <test-method signature="addToCartTest()[pri:0, instance:org.Online_Shopping_Application.Books.AddToCartTest@6b2ea799]" started-at="2025-04-01T13:04:48 IST" name="addToCartTest" finished-at="2025-04-01T13:04:50 IST" duration-ms="2243" status="PASS">
          <reporter-output>
          </reporter-output>
        </test-method> <!-- addToCartTest -->
        <test-method is-config="true" signature="configAM()[pri:0, instance:org.Online_Shopping_Application.Books.AddToCartTest@6b2ea799]" started-at="2025-04-01T13:04:50 IST" name="configAM" finished-at="2025-04-01T13:04:51 IST" duration-ms="583" status="PASS">
          <reporter-output>
          </reporter-output>
        </test-method> <!-- configAM -->
        <test-method is-config="true" signature="configAC()[pri:0, instance:org.Online_Shopping_Application.Books.AddToCartTest@6b2ea799]" started-at="2025-04-01T13:04:51 IST" name="configAC" finished-at="2025-04-01T13:04:51 IST" duration-ms="182" status="PASS">
          <reporter-output>
          </reporter-output>
        </test-method> <!-- configAC -->
        <test-method is-config="true" signature="configAS()[pri:0, instance:org.Online_Shopping_Application.Books.AddToCartTest@6b2ea799]" started-at="2025-04-01T13:04:51 IST" name="configAS" finished-at="2025-04-01T13:04:51 IST" duration-ms="6" status="PASS">
          <reporter-output>
          </reporter-output>
        </test-method> <!-- configAS -->
      </class> <!-- org.Online_Shopping_Application.Books.AddToCartTest -->
    </test> <!-- Default test -->
  </suite> <!-- Default suite -->
</testng-results>
