<?xml version="1.0" encoding="UTF-8"?>
<!-- Generated by org.testng.reporters.JUnitXMLReporter -->
<testsuite ignored="0" hostname="DESKTOP-2V6V6GU" failures="0" tests="2" name="Test1" time="18.014" errors="0" timestamp="2025-03-17T16:22:06 IST">
  <testcase classname="org.Online_Shopping_Application.Books.AddToCartTest" name="addToCartTest" time="2.76"/>
  <testcase classname="org.Online_Shopping_Application.Books.AddToCartTest" name="prodCompareFromProdDisplayPageTest" time="0.0">
    <skipped/>
  </testcase> <!-- prodCompareFromProdDisplayPageTest -->
</testsuite> <!-- Test1 -->
