<?xml version="1.0" encoding="UTF-8"?>
<!-- Generated by org.testng.reporters.JUnitXMLReporter -->
<testsuite ignored="4" hostname="DESKTOP-2V6V6GU" failures="0" tests="2" name="Test" time="18.369" errors="0" timestamp="2025-03-17T17:32:48 IST">
  <testcase classname="org.Online_Shopping_Application.Books.AddToCartTest" name="addToCartTest" time="2.597"/>
  <testcase classname="org.Online_Shopping_Application.Books.AddToCartTest2" name="addToCartTest" time="2.532"/>
  <testcase classname="org.Online_Shopping_Application.Books.AddToCartTest2" name="prodCompareFromProdDisplayPageTest" time="0.0">
    <ignored/>
  </testcase> <!-- prodCompareFromProdDisplayPageTest -->
  <testcase classname="com.comcast.crm.basetest.BaseClass" name="@BeforeSuite configBS" time="0.0">
    <ignored/>
  </testcase> <!-- @BeforeSuite configBS -->
  <testcase classname="com.comcast.crm.basetest.BaseClass" name="@AfterSuite configAS" time="0.0">
    <ignored/>
  </testcase> <!-- @AfterSuite configAS -->
  <testcase classname="org.Online_Shopping_Application.Books.AddToCartTest" name="prodCompareFromProdDisplayPageTest" time="0.0">
    <ignored/>
  </testcase> <!-- prodCompareFromProdDisplayPageTest -->
</testsuite> <!-- Test -->
